2021-11-01 18:10:16,463 Wprowadzaj kolejno liczby zatwierdzaj¹c Enterem. Wpisuj¹c 0 koñczysz wprowadzanie.
2021-11-01 18:11:25,293 Wprowadzaj kolejno liczby zatwierdzaj¹c Enterem. Wpisuj¹c 0 koñczysz wprowadzanie.
2021-11-01 18:13:04,989 Wprowadzaj kolejno liczby zatwierdzaj¹c Enterem. Wpisuj¹c 0 koñczysz wprowadzanie.
2021-11-01 18:14:59,046 Wprowadzaj kolejno liczby zatwierdzaj¹c Enterem. Wpisuj¹c 0 koñczysz wprowadzanie.
2021-11-01 18:16:45,542 Wprowadzaj kolejno liczby zatwierdzaj¹c Enterem. Wpisuj¹c 0 koñczysz wprowadzanie.
2021-11-01 18:22:48,672 Wprowadzaj kolejno liczby zatwierdzaj¹c Enterem. Wpisuj¹c 0 koñczysz wprowadzanie.
2021-11-01 18:24:12,905 Wprowadzaj kolejno liczby zatwierdzaj¹c Enterem. Wpisuj¹c 0 koñczysz wprowadzanie.
2021-11-01 18:24:33,494 Wprowadzaj kolejno liczby zatwierdzaj¹c Enterem. Wpisuj¹c 0 koñczysz wprowadzanie.
2021-11-01 18:26:22,286 Wprowadzaj kolejno liczby zatwierdzaj¹c Enterem. Wpisuj¹c 0 koñczysz wprowadzanie.
2021-11-01 18:26:42,560 Wprowadzaj kolejno liczby zatwierdzaj¹c Enterem. Wpisuj¹c 0 koñczysz wprowadzanie.
2021-11-01 18:27:09,064 Wprowadzaj kolejno liczby zatwierdzaj¹c Enterem. Wpisuj¹c 0 koñczysz wprowadzanie.
2021-11-01 18:27:42,284 Wprowadzaj kolejno liczby zatwierdzaj¹c Enterem. Wpisuj¹c 0 koñczysz wprowadzanie.
2021-11-01 18:28:22,354 Wprowadzaj kolejno liczby zatwierdzaj¹c Enterem. Wpisuj¹c 0 koñczysz wprowadzanie.
2021-11-01 18:28:38,318 Wprowadzaj kolejno liczby zatwierdzaj¹c Enterem. Wpisuj¹c 0 koñczysz wprowadzanie.
2021-11-01 18:29:31,726 Wprowadzaj kolejno liczby zatwierdzaj¹c Enterem. Wpisuj¹c 0 koñczysz wprowadzanie.
2021-11-01 18:30:03,590 Wprowadzaj kolejno liczby zatwierdzaj¹c Enterem. Wpisuj¹c 0 koñczysz wprowadzanie.
2021-11-01 18:31:03,291 Wprowadzaj kolejno liczby zatwierdzaj¹c Enterem. Wpisuj¹c 0 koñczysz wprowadzanie.
2021-11-01 18:31:05,871 Wynik to: 5
2021-11-01 18:32:30,643 Wprowadzaj kolejno liczby zatwierdzaj¹c Enterem. Wpisuj¹c 0 koñczysz wprowadzanie.
2021-11-01 18:35:07,322 Wprowadzaj kolejno liczby zatwierdzaj¹c Enterem. Wpisuj¹c 0 koñczysz wprowadzanie.
2021-11-01 18:35:08,133 Liczba {name} to: {inputData}
2021-11-01 18:35:08,968 Liczba {name} to: {inputData}
2021-11-01 18:35:10,304 Liczba {name} to: {inputData}
2021-11-01 18:35:10,311 Wynik to: 5
2021-11-01 18:35:17,415 Wprowadzaj kolejno liczby zatwierdzaj¹c Enterem. Wpisuj¹c 0 koñczysz wprowadzanie.
2021-11-01 18:35:18,576 Liczba {name} to: {inputData}
2021-11-01 18:35:19,729 Liczba {name} to: {inputData}
2021-11-01 18:35:20,900 Liczba {name} to: {inputData}
2021-11-01 18:35:20,904 Wynik to: 35
2021-11-01 18:36:24,371 Wprowadzaj kolejno liczby zatwierdzaj¹c Enterem. Wpisuj¹c 0 koñczysz wprowadzanie.
2021-11-01 18:36:24,983 Liczba f'{name} to: {inputData}
2021-11-01 18:36:25,904 Liczba f'{name} to: {inputData}
2021-11-01 18:36:26,935 Liczba f'{name} to: {inputData}
2021-11-01 18:36:27,850 Liczba f'{name} to: {inputData}
2021-11-01 18:36:27,850 Wynik to: 9
2021-11-01 18:36:47,118 Wprowadzaj kolejno liczby zatwierdzaj¹c Enterem. Wpisuj¹c 0 koñczysz wprowadzanie.
2021-11-01 18:36:48,407 Liczba f'{count} to: {inputData}
2021-11-01 18:36:49,347 Liczba f'{count} to: {inputData}
2021-11-01 18:36:50,001 Liczba f'{count} to: {inputData}
2021-11-01 18:36:50,008 Wynik to: 23
2021-11-01 18:38:38,590 Wprowadzaj kolejno liczby zatwierdzaj¹c Enterem. Wpisuj¹c 0 koñczysz wprowadzanie.
2021-11-01 18:38:39,805 Liczba 1 to: {inputData}
2021-11-01 18:38:40,660 Liczba 2 to: {inputData}
2021-11-01 18:38:41,631 Liczba 3 to: {inputData}
2021-11-01 18:38:41,639 Wynik to: 25
2021-11-01 18:39:00,517 Wprowadzaj kolejno liczby zatwierdzaj¹c Enterem. Wpisuj¹c 0 koñczysz wprowadzanie.
2021-11-01 18:39:01,989 Liczba 1 to: 23
2021-11-01 18:39:02,716 Liczba 2 to: 5
2021-11-01 18:39:03,705 Liczba 3 to: 0
2021-11-01 18:39:03,705 Wynik to: 28
2021-11-01 18:41:06,695 Liczba 1 to: 1
2021-11-01 18:41:07,813 Liczba 2 to: 2
2021-11-01 18:41:08,926 Liczba 3 to: 0
2021-11-01 18:41:08,926 Wybrano dodawanie.
2021-11-01 18:41:08,926 Wynik to: 3
2021-11-01 18:43:15,145 Liczba 1 to: 2
2021-11-01 18:43:15,626 Liczba 2 to: 3
2021-11-01 18:43:16,743 Liczba 3 to: 0
2021-11-01 18:43:16,743 Wybrano dodawanie.
2021-11-01 18:43:16,753 Wynik to: 5
2021-11-01 18:43:30,844 Nieprawid³owy format wpisywanych liczb. 
2021-11-01 18:43:46,921 Nieprawid³owy format wpisywanych liczb. 
2021-11-01 18:45:30,682 Liczba 1 to: 23
2021-11-01 18:45:31,839 Liczba 2 to: 2
2021-11-01 18:45:33,126 Liczba 3 to: 0
2021-11-01 18:45:33,126 Wybrano dodawanie.
2021-11-01 18:45:33,133 Wynik to: 25
2021-11-01 18:46:03,385 Nieprawid³owy format wpisywanych liczb. 
2021-11-01 18:46:51,698 Nieprawid³owy format wpisywanych liczb. 
2021-11-01 18:47:12,378 Liczba 1 to: 2
2021-11-01 18:47:13,021 Liczba 2 to: 3
2021-11-01 18:47:13,946 Liczba 3 to: 0
2021-11-01 18:47:13,946 Wybrano dodawanie.
2021-11-01 18:47:13,946 Wynik to: 5
2021-11-01 18:47:20,211 Nieprawid³owy format wpisywanych liczb. 
2021-11-01 18:51:41,277 Liczba 1 to: 2
2021-11-01 18:51:42,220 Liczba 2 to: 3
2021-11-01 18:51:43,687 Liczba 3 to: 4
2021-11-01 18:51:45,343 Liczba 4 to: 0
2021-11-01 18:51:45,343 Wybrano dodawanie.
2021-11-01 18:51:45,353 Wynik to: 9
2021-11-01 18:52:03,184 Nieprawid³owy format wpisywanych liczb. 
2021-11-01 18:52:19,335 Wybrano mno¿enie.
2021-11-01 18:52:19,338 Wynik to: 6
2021-11-01 18:52:45,401 Wybrano dzielenie.
2021-11-01 18:52:45,449 Wynik to: 5.0
2021-11-01 18:54:12,754 ------------------------
2021-11-01 18:54:12,754 NOWE DZIA£ANIE
2021-11-01 18:54:14,979 Liczba 1 to: 2
2021-11-01 18:54:15,715 Liczba 2 to: 5
2021-11-01 18:54:16,780 Liczba 3 to: 0
2021-11-01 18:54:16,780 Wybrano dodawanie.
2021-11-01 18:54:16,790 Wynik to: 7
2021-11-01 18:55:03,823 
2021-11-01 18:55:03,824 ------------------------
2021-11-01 18:55:03,824 NOWE DZIA£ANIE
2021-11-01 18:55:05,117 Liczba 1 to: 2
2021-11-01 18:55:05,920 Liczba 2 to: 5
2021-11-01 18:55:06,742 Liczba 3 to: 0
2021-11-01 18:55:06,742 Wybrano dodawanie.
2021-11-01 18:55:06,747 Wynik to: 7
2021-11-01 18:55:06,747 ------------------------
2021-11-01 18:55:06,747 KONIEC DZIALANIA
2021-11-01 18:55:06,747 
2021-11-01 19:04:40,963 
2021-11-01 19:04:40,963 ------------------------
2021-11-01 19:04:40,963 NOWE DZIA£ANIE
2021-11-01 19:04:40,963 ------------------------
2021-11-01 19:04:43,590 Liczba 1 to: 20
2021-11-01 19:04:45,201 Liczba 2 to: 5
2021-11-01 19:04:46,402 Liczba 3 to: 4
2021-11-01 19:04:47,776 Liczba 4 to: 0
2021-11-01 19:05:08,574 
2021-11-01 19:05:08,574 ------------------------
2021-11-01 19:05:08,574 NOWE DZIA£ANIE
2021-11-01 19:05:08,574 ------------------------
2021-11-01 19:05:11,677 Liczba 1 to: 20
2021-11-01 19:05:12,716 Liczba 2 to: 4
2021-11-01 19:05:13,589 Liczba 3 to: 5
2021-11-01 19:05:14,678 Liczba 4 to: 0
2021-11-01 19:05:14,678 Wybrano odejmowanie.
2021-11-01 19:05:14,693 Wynik to: 11
2021-11-01 19:05:14,693 ------------------------
2021-11-01 19:05:14,693 KONIEC DZIALANIA
2021-11-01 19:05:14,693 ------------------------
2021-11-01 19:05:14,693 
2021-11-01 19:06:04,621 
2021-11-01 19:06:04,621 ------------------------
2021-11-01 19:06:04,621 NOWE DZIA£ANIE
2021-11-01 19:06:04,621 ------------------------
2021-11-01 19:06:06,938 Liczba 1 to: 10
2021-11-01 19:06:09,502 Liczba 2 to: 2
2021-11-01 19:06:15,079 Liczba 3 to: 11
2021-11-01 19:06:16,297 Liczba 4 to: 0
2021-11-01 19:06:16,297 Wybrano odejmowanie.
2021-11-01 19:06:16,304 Wynik to: -3
2021-11-01 19:06:16,304 ------------------------
2021-11-01 19:06:16,304 KONIEC DZIALANIA
2021-11-01 19:06:16,304 ------------------------
2021-11-01 19:06:16,304 
2021-11-01 19:06:36,049 
2021-11-01 19:06:36,051 ------------------------
2021-11-01 19:06:36,051 NOWE DZIA£ANIE
2021-11-01 19:06:36,051 ------------------------
2021-11-01 19:06:39,022 Liczba 1 to: 10
2021-11-01 19:06:39,707 Liczba 2 to: 0
2021-11-01 19:06:39,707 Wybrano odejmowanie.
2021-11-01 19:06:39,713 Wynik to: 10
2021-11-01 19:06:39,713 ------------------------
2021-11-01 19:06:39,713 KONIEC DZIALANIA
2021-11-01 19:06:39,713 ------------------------
2021-11-01 19:06:39,713 
2021-11-01 19:06:48,369 
2021-11-01 19:06:48,369 ------------------------
2021-11-01 19:06:48,369 NOWE DZIA£ANIE
2021-11-01 19:06:48,369 ------------------------
2021-11-01 19:06:56,387 Liczba 1 to: 34
2021-11-01 19:06:59,925 Liczba 2 to: 2
2021-11-01 19:07:04,990 Liczba 3 to: 0
2021-11-01 19:07:04,990 Wybrano odejmowanie.
2021-11-01 19:07:05,003 Wynik to: 32
2021-11-01 19:07:05,003 ------------------------
2021-11-01 19:07:05,003 KONIEC DZIALANIA
2021-11-01 19:07:05,003 ------------------------
2021-11-01 19:07:05,003 
2021-11-01 19:10:16,608 
2021-11-01 19:10:16,608 ------------------------
2021-11-01 19:10:16,608 NOWE DZIA£ANIE
2021-11-01 19:10:16,608 ------------------------
2021-11-01 19:11:54,401 
2021-11-01 19:11:54,401 ------------------------
2021-11-01 19:11:54,401 NOWE DZIA£ANIE
2021-11-01 19:11:54,401 ------------------------
2021-11-01 19:11:58,386 Wybrano mno¿enie.
2021-11-01 19:11:58,402 Wynik to: 10
2021-11-01 19:11:58,402 ------------------------
2021-11-01 19:11:58,402 KONIEC DZIALANIA
2021-11-01 19:11:58,402 ------------------------
2021-11-01 19:11:58,402 
2021-11-01 19:13:24,958 
2021-11-01 19:13:24,958 ------------------------
2021-11-01 19:13:24,958 NOWE DZIA£ANIE
2021-11-01 19:13:24,958 ------------------------
2021-11-01 19:13:26,523 Liczba 1 to: 5
2021-11-01 19:13:27,722 Liczba 2 to: 2
2021-11-01 19:14:02,157 
2021-11-01 19:14:02,157 ------------------------
2021-11-01 19:14:02,157 NOWE DZIA£ANIE
2021-11-01 19:14:02,157 ------------------------
2021-11-01 19:14:11,712 Liczba 1 to: 2
2021-11-01 19:14:12,636 Liczba 2 to: 5
2021-11-01 19:14:13,838 Liczba 3 to: 0
2021-11-01 19:14:13,838 Wybrano dodawanie.
2021-11-01 19:14:13,844 Wynik to: 7
2021-11-01 19:14:13,844 ------------------------
2021-11-01 19:14:13,844 KONIEC DZIALANIA
2021-11-01 19:14:13,844 ------------------------
2021-11-01 19:14:13,844 
2021-11-01 19:14:17,780 
2021-11-01 19:14:17,780 ------------------------
2021-11-01 19:14:17,780 NOWE DZIA£ANIE
2021-11-01 19:14:17,780 ------------------------
2021-11-01 19:14:20,404 Liczba 1 to: 10
2021-11-01 19:14:21,731 Liczba 2 to: 2
2021-11-01 19:14:22,640 Liczba 3 to: 3
2021-11-01 19:14:24,168 Liczba 4 to: 0
2021-11-01 19:14:24,168 Wybrano odejmowanie.
2021-11-01 19:14:24,181 Wynik to: 5
2021-11-01 19:14:24,181 ------------------------
2021-11-01 19:14:24,181 KONIEC DZIALANIA
2021-11-01 19:14:24,181 ------------------------
2021-11-01 19:14:24,181 
2021-11-01 19:14:27,265 
2021-11-01 19:14:27,265 ------------------------
2021-11-01 19:14:27,265 NOWE DZIA£ANIE
2021-11-01 19:14:27,265 ------------------------
2021-11-01 19:14:33,170 Wybrano mno¿enie.
2021-11-01 19:14:33,170 Wynik to: 4
2021-11-01 19:14:33,173 ------------------------
2021-11-01 19:14:33,173 KONIEC DZIALANIA
2021-11-01 19:14:33,173 ------------------------
2021-11-01 19:14:33,173 
2021-11-01 19:14:36,663 
2021-11-01 19:14:36,663 ------------------------
2021-11-01 19:14:36,663 NOWE DZIA£ANIE
2021-11-01 19:14:36,663 ------------------------
2021-11-01 19:14:43,574 Wybrano dzielenie.
2021-11-01 19:14:43,614 Wynik to: 5.0
2021-11-01 19:14:43,614 ------------------------
2021-11-01 19:14:43,614 KONIEC DZIALANIA
2021-11-01 19:14:43,614 ------------------------
2021-11-01 19:14:43,614 
2021-11-01 19:14:47,843 
2021-11-01 19:14:47,843 ------------------------
2021-11-01 19:14:47,843 NOWE DZIA£ANIE
2021-11-01 19:14:47,843 ------------------------
2021-11-01 19:14:54,295 Wybrano dzielenie.
